2025-12-25 09:47:18,345 - dirsearch_web - INFO - log_debug:93 - Scanner scan_1766636226_3562: Scanned 40/100 paths
2025-12-25 09:47:21,252 - dirsearch_web - INFO - log_debug:93 - Scanner scan_1766636226_3562: Scanned 50/100 paths
2025-12-25 09:47:24,232 - dirsearch_web - INFO - log_debug:93 - Scanner scan_1766636226_3562: Scanned 60/100 paths
2025-12-25 09:47:27,478 - dirsearch_web - INFO - log_debug:93 - Scanner scan_1766636226_3562: Scanned 70/100 paths
2025-12-25 09:47:30,327 - dirsearch_web - INFO - log_debug:93 - Scanner scan_1766636226_3562: Scanned 80/100 paths
2025-12-25 09:47:33,180 - dirsearch_web - INFO - log_debug:93 - Scanner scan_1766636226_3562: Scanned 90/100 paths
2025-12-25 09:47:36,030 - dirsearch_web - INFO - log_debug:93 - Scanner scan_1766636226_3562: Scanned 100/100 paths
2025-12-25 09:47:36,031 - dirsearch_web - INFO - log_debug:93 - Scanner scan_1766636226_3562: Scan completed - Found 2 paths in 29.80s
2025-12-25 09:47:51,524 - dirsearch_web - INFO - <module>:59 - Starting Web-ScannerWeb Interface - Direct Scan Mode
2025-12-25 09:47:51,528 - dirsearch_web - INFO - <module>:373 - Starting Flask development server - Direct Scan Mode
2025-12-25 09:48:37,853 - dirsearch_web - DEBUG - scan_page_function:233 - Scan page requested
2025-12-25 09:48:42,019 - dirsearch_web - INFO - start_scan_function:252 - Start scan API called
2025-12-25 09:48:42,019 - dirsearch_web - INFO - start_scan_function:255 - Start scan API called with config: {'resource_level': 'low', 'url': 'https://www.shodan.io', 'http_method': 'GET', 'wordlist': 'db/dicc.txt', 'extensions': 'php,asp,aspx,jsp,html', 'threads': '5', 'timeout': '10', 'delay': '0', 'max_retries': '1', 'max_time': '0', 'recursive': False, 'async_mode': False}
2025-12-25 09:48:42,020 - dirsearch_web - INFO - start_scan_function:264 - Created direct scanner scan_1766636322_8275
2025-12-25 09:48:42,020 - dirsearch_web - INFO - log_debug:93 - Scanner scan_1766636322_8275: Starting direct scan execution
2025-12-25 09:48:42,020 - dirsearch_web - INFO - start_scan_function:279 - Direct scanner scan_1766636322_8275 thread started
2025-12-25 09:48:42,020 - dirsearch_web - INFO - log_debug:93 - Scanner scan_1766636322_8275: Step 1: Importing required modules
2025-12-25 09:48:42,022 - dirsearch_web - INFO - log_debug:93 - Scanner scan_1766636322_8275: Imported options and blacklists
2025-12-25 09:48:42,025 - dirsearch_web - INFO - log_debug:93 - Scanner scan_1766636322_8275: Imported settings
2025-12-25 09:48:42,025 - dirsearch_web - INFO - log_debug:93 - Scanner scan_1766636322_8275: Basic options configured
2025-12-25 09:48:42,025 - dirsearch_web - INFO - log_debug:93 - Scanner scan_1766636322_8275: Step 2: Setting up dictionary
2025-12-25 09:48:42,049 - dirsearch_web - INFO - log_debug:93 - Scanner scan_1766636322_8275: Dictionary loaded with 9120 entries
2025-12-25 09:48:42,049 - dirsearch_web - INFO - log_debug:93 - Scanner scan_1766636322_8275: Step 3: Setting up requester
2025-12-25 09:48:42,435 - dirsearch_web - INFO - log_debug:93 - Scanner scan_1766636322_8275: Requester setup for https://www.shodan.io
2025-12-25 09:48:42,436 - dirsearch_web - INFO - log_debug:93 - Scanner scan_1766636322_8275: Step 5: Starting actual path scanning
2025-12-25 09:48:44,717 - dirsearch_web - INFO - log_debug:93 - Scanner scan_1766636322_8275: FOUND: %C0%AE%C0%AE%C0%AF - 200
2025-12-25 09:48:45,064 - dirsearch_web - INFO - log_debug:93 - Scanner scan_1766636322_8275: FOUND: %ff - 200
2025-12-25 09:48:45,331 - dirsearch_web - INFO - log_debug:93 - Scanner scan_1766636322_8275: Scanned 10/100 paths
2025-12-25 09:48:47,703 - dirsearch_web - INFO - log_debug:93 - Scanner scan_1766636322_8275: Scanned 20/100 paths
2025-12-25 09:48:50,372 - dirsearch_web - INFO - log_debug:93 - Scanner scan_1766636322_8275: Scanned 30/100 paths
2025-12-25 09:48:52,845 - dirsearch_web - INFO - log_debug:93 - Scanner scan_1766636322_8275: Scanned 40/100 paths
2025-12-25 09:48:55,532 - dirsearch_web - INFO - log_debug:93 - Scanner scan_1766636322_8275: Scanned 50/100 paths
2025-12-25 09:48:58,313 - dirsearch_web - INFO - log_debug:93 - Scanner scan_1766636322_8275: Scanned 60/100 paths
2025-12-25 09:49:00,772 - dirsearch_web - INFO - log_debug:93 - Scanner scan_1766636322_8275: Scanned 70/100 paths
2025-12-25 09:49:03,437 - dirsearch_web - INFO - log_debug:93 - Scanner scan_1766636322_8275: Scanned 80/100 paths
2025-12-25 09:49:06,148 - dirsearch_web - INFO - log_debug:93 - Scanner scan_1766636322_8275: Scanned 90/100 paths
2025-12-25 09:49:08,807 - dirsearch_web - INFO - log_debug:93 - Scanner scan_1766636322_8275: Scanned 100/100 paths
2025-12-25 09:49:08,808 - dirsearch_web - INFO - log_debug:93 - Scanner scan_1766636322_8275: Scan completed - Found 2 paths in 26.79s
2025-12-25 09:49:20,880 - dirsearch_web - DEBUG - history_page_function:239 - History page requested
2025-12-25 09:49:26,084 - dirsearch_web - DEBUG - history_page_function:239 - History page requested
2025-12-25 09:49:53,076 - dirsearch_web - INFO - <module>:59 - Starting Web-ScannerWeb Interface - Direct Scan Mode
2025-12-25 09:49:53,080 - dirsearch_web - INFO - <module>:395 - Starting Flask development server - Direct Scan Mode
2025-12-25 09:51:00,382 - dirsearch_web - DEBUG - history_page_function:239 - History page requested
2025-12-25 09:51:02,328 - dirsearch_web - DEBUG - scan_page_function:233 - Scan page requested
2025-12-25 09:52:19,611 - dirsearch_web - INFO - <module>:59 - Starting Web-ScannerWeb Interface - Direct Scan Mode
2025-12-25 09:52:19,616 - dirsearch_web - INFO - <module>:395 - Starting Flask development server - Direct Scan Mode
2025-12-25 09:52:25,187 - dirsearch_web - INFO - <module>:63 - Starting Web-ScannerWeb Interface - Direct Scan Mode
2025-12-25 11:17:00,845 - dirsearch_web - INFO - <module>:63 - Starting Web-ScannerWeb Interface - Direct Scan Mode
2025-12-25 11:17:38,887 - dirsearch_web - INFO - <module>:63 - Starting Web-ScannerWeb Interface - Direct Scan Mode
2025-12-25 11:19:48,235 - dirsearch_web - INFO - <module>:64 - Starting Web-ScannerWeb Interface - Direct Scan Mode
2025-12-25 11:19:48,238 - dirsearch_web - INFO - <module>:452 - Starting Flask development server - Direct Scan Mode
2025-12-25 11:19:48,336 - dirsearch_web - INFO - <module>:456 - Database initialized successfully
2025-12-25 11:19:50,282 - dirsearch_web - INFO - <module>:64 - Starting Web-ScannerWeb Interface - Direct Scan Mode
2025-12-25 11:19:50,287 - dirsearch_web - INFO - <module>:452 - Starting Flask development server - Direct Scan Mode
2025-12-25 11:19:50,332 - dirsearch_web - INFO - <module>:456 - Database initialized successfully
2025-12-25 11:19:53,510 - dirsearch_web - DEBUG - index_function:239 - Dashboard page requested
2025-12-25 11:20:03,777 - dirsearch_web - DEBUG - index_function:239 - Dashboard page requested
2025-12-25 11:20:07,626 - dirsearch_web - DEBUG - scan_page_function:245 - Scan page requested
2025-12-25 11:20:14,362 - dirsearch_web - INFO - start_scan_function:264 - Start scan API called
2025-12-25 11:20:14,362 - dirsearch_web - INFO - start_scan_function:267 - Start scan API called with config: {'resource_level': 'low', 'url': 'https://www.shodan.io', 'http_method': 'GET', 'wordlist': 'db\\400_blacklist.txt', 'extensions': 'php,asp,aspx,jsp,html', 'threads': '5', 'timeout': '10', 'delay': '0', 'max_retries': '1', 'max_time': '0', 'recursive': False, 'async_mode': False}
2025-12-25 11:20:14,363 - dirsearch_web - INFO - start_scan_function:276 - Created direct scanner scan_1766641814_7263
2025-12-25 11:20:14,363 - dirsearch_web - INFO - log_debug:102 - Scanner scan_1766641814_7263: Starting direct scan execution
2025-12-25 11:20:14,363 - dirsearch_web - INFO - start_scan_function:291 - Direct scanner scan_1766641814_7263 thread started
2025-12-25 11:20:14,364 - dirsearch_web - INFO - log_debug:102 - Scanner scan_1766641814_7263: Step 1: Importing required modules
2025-12-25 11:20:14,371 - dirsearch_web - INFO - log_debug:102 - Scanner scan_1766641814_7263: Imported options and blacklists
2025-12-25 11:20:14,374 - dirsearch_web - INFO - log_debug:102 - Scanner scan_1766641814_7263: Imported settings
2025-12-25 11:20:14,375 - dirsearch_web - INFO - log_debug:102 - Scanner scan_1766641814_7263: Basic options configured
2025-12-25 11:20:14,375 - dirsearch_web - INFO - log_debug:102 - Scanner scan_1766641814_7263: Step 2: Setting up dictionary
2025-12-25 11:20:14,382 - dirsearch_web - INFO - log_debug:102 - Scanner scan_1766641814_7263: Dictionary loaded with 9 entries
2025-12-25 11:20:14,382 - dirsearch_web - INFO - log_debug:102 - Scanner scan_1766641814_7263: Step 3: Setting up requester
2025-12-25 11:20:14,829 - dirsearch_web - INFO - log_debug:102 - Scanner scan_1766641814_7263: Requester setup for https://www.shodan.io
2025-12-25 11:20:14,829 - dirsearch_web - INFO - log_debug:102 - Scanner scan_1766641814_7263: Step 5: Starting actual path scanning
2025-12-25 11:20:15,798 - dirsearch_web - INFO - log_debug:102 - Scanner scan_1766641814_7263: FOUND: %ff - 200
2025-12-25 11:20:17,016 - dirsearch_web - INFO - log_debug:102 - Scanner scan_1766641814_7263: FOUND: %C0%AE%C0%AE%C0%AF - 200
2025-12-25 11:20:17,494 - dirsearch_web - INFO - log_debug:102 - Scanner scan_1766641814_7263: Scan completed - Found 2 paths in 3.13s
2025-12-25 11:20:17,495 - dirsearch_web - INFO - log_debug:102 - Scanner scan_1766641814_7263: Scan failed: Working outside of application context.

This typically means that you attempted to use functionality that needed
the current application. To solve this, set up an application context
with app.app_context(). See the documentation for more information.
2025-12-25 11:20:17,495 - dirsearch_web - INFO - log_debug:102 - Scanner scan_1766641814_7263: Full error: RuntimeError('Working outside of application context.\n\nThis typically means that you attempted to use functionality that needed\nthe current application. To solve this, set up an application context\nwith app.app_context(). See the documentation for more information.')
2025-12-25 11:20:17,533 - dirsearch_web - INFO - log_debug:102 - Scanner scan_1766641814_7263: Traceback: Traceback (most recent call last):
  File "X:\CURSOR\Dirsearch\web_interface\app_final.py", line 219, in execute_scan_function
    save_scan_to_database(self)
  File "X:\CURSOR\Dirsearch\web_interface\database.py", line 197, in save_scan_to_database
    db.session.rollback()
  File "C:\Users\bobby\AppData\Local\Programs\Python\Python312\Lib\site-packages\sqlalchemy\orm\scoping.py", line 1716, in rollback
    return self._proxied.rollback()
           ^^^^^^^^^^^^^
  File "C:\Users\bobby\AppData\Local\Programs\Python\Python312\Lib\site-packages\sqlalchemy\orm\scoping.py", line 196, in _proxied
    return self.registry()
           ^^^^^^^^^^^^^^^
  File "C:\Users\bobby\AppData\Local\Programs\Python\Python312\Lib\site-packages\sqlalchemy\util\_collections.py", line 640, in __call__
    key = self.scopefunc()
          ^^^^^^^^^^^^^^^^
  File "C:\Users\bobby\AppData\Local\Programs\Python\Python312\Lib\site-packages\flask_sqlalchemy\session.py", line 111, in _app_ctx_id
    return id(app_ctx._get_current_object())  # type: ignore[attr-defined]
              ^^^^^^^^^^^^^^^^^^^^^^^^^^^^^
  File "C:\Users\bobby\AppData\Local\Programs\Python\Python312\Lib\site-packages\werkzeug\local.py", line 508, in _get_current_object
    raise RuntimeError(unbound_message) from None
RuntimeError: Working outside of application context.

This typically means that you attempted to use functionality that needed
the current application. To solve this, set up an application context
with app.app_context(). See the documentation for more information.

2025-12-25 11:20:19,087 - dirsearch_web - INFO - <module>:64 - Starting Web-ScannerWeb Interface - Direct Scan Mode
2025-12-25 11:20:19,090 - dirsearch_web - INFO - <module>:452 - Starting Flask development server - Direct Scan Mode
2025-12-25 11:20:19,158 - dirsearch_web - INFO - <module>:456 - Database initialized successfully
2025-12-25 11:21:28,994 - dirsearch_web - INFO - <module>:64 - Starting Web-ScannerWeb Interface - Direct Scan Mode
2025-12-25 11:21:28,998 - dirsearch_web - INFO - <module>:456 - Starting Flask development server - Direct Scan Mode
2025-12-25 11:21:29,060 - dirsearch_web - INFO - <module>:460 - Database initialized successfully
2025-12-25 11:21:58,914 - dirsearch_web - INFO - <module>:64 - Starting Web-ScannerWeb Interface - Direct Scan Mode
2025-12-25 11:21:58,919 - dirsearch_web - INFO - <module>:456 - Starting Flask development server - Direct Scan Mode
2025-12-25 11:21:58,968 - dirsearch_web - INFO - <module>:460 - Database initialized successfully
2025-12-25 11:25:36,126 - dirsearch_web - DEBUG - scan_page_function:248 - Scan page requested
2025-12-25 11:25:42,176 - dirsearch_web - INFO - start_scan_function:267 - Start scan API called
2025-12-25 11:25:42,178 - dirsearch_web - INFO - start_scan_function:270 - Start scan API called with config: {'resource_level': 'low', 'url': 'https://www.shodan.io', 'http_method': 'GET', 'wordlist': 'db/400_blacklist.txt', 'extensions': 'php,asp,aspx,jsp,html', 'threads': '5', 'timeout': '10', 'delay': '0', 'max_retries': '1', 'max_time': '0', 'recursive': False, 'async_mode': False}
2025-12-25 11:25:42,179 - dirsearch_web - INFO - start_scan_function:279 - Created direct scanner scan_1766642142_2717
2025-12-25 11:25:42,179 - dirsearch_web - INFO - log_debug:102 - Scanner scan_1766642142_2717: Starting direct scan execution
2025-12-25 11:25:42,179 - dirsearch_web - INFO - start_scan_function:295 - Direct scanner scan_1766642142_2717 thread started
2025-12-25 11:25:42,179 - dirsearch_web - INFO - log_debug:102 - Scanner scan_1766642142_2717: Step 1: Importing required modules
2025-12-25 11:25:42,184 - dirsearch_web - INFO - log_debug:102 - Scanner scan_1766642142_2717: Imported options and blacklists
2025-12-25 11:25:42,190 - dirsearch_web - INFO - log_debug:102 - Scanner scan_1766642142_2717: Imported settings
2025-12-25 11:25:42,190 - dirsearch_web - INFO - log_debug:102 - Scanner scan_1766642142_2717: Basic options configured
2025-12-25 11:25:42,190 - dirsearch_web - INFO - log_debug:102 - Scanner scan_1766642142_2717: Step 2: Setting up dictionary
2025-12-25 11:25:42,193 - dirsearch_web - INFO - log_debug:102 - Scanner scan_1766642142_2717: Dictionary loaded with 9 entries
2025-12-25 11:25:42,194 - dirsearch_web - INFO - log_debug:102 - Scanner scan_1766642142_2717: Step 3: Setting up requester
2025-12-25 11:25:42,493 - dirsearch_web - INFO - log_debug:102 - Scanner scan_1766642142_2717: Requester setup for https://www.shodan.io
2025-12-25 11:25:42,493 - dirsearch_web - INFO - log_debug:102 - Scanner scan_1766642142_2717: Step 5: Starting actual path scanning
2025-12-25 11:25:43,158 - dirsearch_web - INFO - log_debug:102 - Scanner scan_1766642142_2717: FOUND: %ff - 200
2025-12-25 11:25:44,898 - dirsearch_web - INFO - log_debug:102 - Scanner scan_1766642142_2717: FOUND: %C0%AE%C0%AE%C0%AF - 200
2025-12-25 11:25:45,391 - dirsearch_web - INFO - log_debug:102 - Scanner scan_1766642142_2717: Scan completed - Found 2 paths in 3.21s
2025-12-25 11:26:18,361 - dirsearch_web - INFO - start_scan_function:267 - Start scan API called
2025-12-25 11:26:18,362 - dirsearch_web - INFO - start_scan_function:270 - Start scan API called with config: {'resource_level': 'low', 'url': 'https://www.shodan.io', 'http_method': 'GET', 'wordlist': 'db/dicc.txt', 'extensions': 'php,asp,aspx,jsp,html', 'threads': '5', 'timeout': '10', 'delay': '0', 'max_retries': '1', 'max_time': '0', 'recursive': False, 'async_mode': False}
2025-12-25 11:26:18,362 - dirsearch_web - INFO - start_scan_function:279 - Created direct scanner scan_1766642178_911
2025-12-25 11:26:18,362 - dirsearch_web - INFO - log_debug:102 - Scanner scan_1766642178_911: Starting direct scan execution
2025-12-25 11:26:18,362 - dirsearch_web - INFO - start_scan_function:295 - Direct scanner scan_1766642178_911 thread started
2025-12-25 11:26:18,362 - dirsearch_web - INFO - log_debug:102 - Scanner scan_1766642178_911: Step 1: Importing required modules
2025-12-25 11:26:18,363 - dirsearch_web - INFO - log_debug:102 - Scanner scan_1766642178_911: Imported options and blacklists
2025-12-25 11:26:18,363 - dirsearch_web - INFO - log_debug:102 - Scanner scan_1766642178_911: Imported settings
2025-12-25 11:26:18,363 - dirsearch_web - INFO - log_debug:102 - Scanner scan_1766642178_911: Basic options configured
2025-12-25 11:26:18,363 - dirsearch_web - INFO - log_debug:102 - Scanner scan_1766642178_911: Step 2: Setting up dictionary
2025-12-25 11:26:18,375 - dirsearch_web - INFO - log_debug:102 - Scanner scan_1766642178_911: Dictionary loaded with 9120 entries
2025-12-25 11:26:18,375 - dirsearch_web - INFO - log_debug:102 - Scanner scan_1766642178_911: Step 3: Setting up requester
2025-12-25 11:26:18,376 - dirsearch_web - INFO - log_debug:102 - Scanner scan_1766642178_911: Requester setup for https://www.shodan.io
2025-12-25 11:26:18,376 - dirsearch_web - INFO - log_debug:102 - Scanner scan_1766642178_911: Step 5: Starting actual path scanning
2025-12-25 11:26:20,750 - dirsearch_web - INFO - log_debug:102 - Scanner scan_1766642178_911: FOUND: %C0%AE%C0%AE%C0%AF - 200
2025-12-25 11:26:21,014 - dirsearch_web - INFO - log_debug:102 - Scanner scan_1766642178_911: FOUND: %ff - 200
2025-12-25 11:26:21,275 - dirsearch_web - INFO - log_debug:102 - Scanner scan_1766642178_911: Scanned 10/100 paths
2025-12-25 11:26:24,404 - dirsearch_web - INFO - log_debug:102 - Scanner scan_1766642178_911: Scanned 20/100 paths
2025-12-25 11:26:27,552 - dirsearch_web - INFO - log_debug:102 - Scanner scan_1766642178_911: Scanned 30/100 paths
2025-12-25 11:26:30,722 - dirsearch_web - INFO - log_debug:102 - Scanner scan_1766642178_911: Scanned 40/100 paths
2025-12-25 11:26:33,647 - dirsearch_web - INFO - log_debug:102 - Scanner scan_1766642178_911: Scanned 50/100 paths
2025-12-25 11:26:36,458 - dirsearch_web - INFO - log_debug:102 - Scanner scan_1766642178_911: Scanned 60/100 paths
2025-12-25 11:26:39,598 - dirsearch_web - INFO - log_debug:102 - Scanner scan_1766642178_911: Scanned 70/100 paths
2025-12-25 11:26:42,370 - dirsearch_web - INFO - log_debug:102 - Scanner scan_1766642178_911: Scanned 80/100 paths
2025-12-25 11:26:44,045 - dirsearch_web - DEBUG - scan_page_function:248 - Scan page requested
2025-12-25 11:26:45,029 - dirsearch_web - INFO - log_debug:102 - Scanner scan_1766642178_911: Scanned 90/100 paths
2025-12-25 11:26:47,896 - dirsearch_web - INFO - log_debug:102 - Scanner scan_1766642178_911: Scanned 100/100 paths
2025-12-25 11:26:47,896 - dirsearch_web - INFO - log_debug:102 - Scanner scan_1766642178_911: Scan completed - Found 2 paths in 29.53s
2025-12-25 11:27:01,592 - dirsearch_web - INFO - start_scan_function:267 - Start scan API called
2025-12-25 11:27:01,592 - dirsearch_web - INFO - start_scan_function:270 - Start scan API called with config: {'resource_level': 'low', 'url': 'https://www.shodan.io', 'http_method': 'GET', 'wordlist': 'db/dicc.txt', 'extensions': 'php,asp,aspx,jsp,html', 'threads': '5', 'timeout': '10', 'delay': '0', 'max_retries': '1', 'max_time': '0', 'recursive': False, 'async_mode': False}
2025-12-25 11:27:01,592 - dirsearch_web - INFO - start_scan_function:279 - Created direct scanner scan_1766642221_911
2025-12-25 11:27:01,593 - dirsearch_web - INFO - log_debug:102 - Scanner scan_1766642221_911: Starting direct scan execution
2025-12-25 11:27:01,593 - dirsearch_web - INFO - start_scan_function:295 - Direct scanner scan_1766642221_911 thread started
2025-12-25 11:27:01,594 - dirsearch_web - INFO - log_debug:102 - Scanner scan_1766642221_911: Step 1: Importing required modules
2025-12-25 11:27:01,594 - dirsearch_web - INFO - log_debug:102 - Scanner scan_1766642221_911: Imported options and blacklists
2025-12-25 11:27:01,594 - dirsearch_web - INFO - log_debug:102 - Scanner scan_1766642221_911: Imported settings
2025-12-25 11:27:01,594 - dirsearch_web - INFO - log_debug:102 - Scanner scan_1766642221_911: Basic options configured
2025-12-25 11:27:01,594 - dirsearch_web - INFO - log_debug:102 - Scanner scan_1766642221_911: Step 2: Setting up dictionary
2025-12-25 11:27:01,606 - dirsearch_web - INFO - log_debug:102 - Scanner scan_1766642221_911: Dictionary loaded with 9120 entries
2025-12-25 11:27:01,606 - dirsearch_web - INFO - log_debug:102 - Scanner scan_1766642221_911: Step 3: Setting up requester
2025-12-25 11:27:01,608 - dirsearch_web - INFO - log_debug:102 - Scanner scan_1766642221_911: Requester setup for https://www.shodan.io
2025-12-25 11:27:01,608 - dirsearch_web - INFO - log_debug:102 - Scanner scan_1766642221_911: Step 5: Starting actual path scanning
2025-12-25 11:27:03,989 - dirsearch_web - INFO - log_debug:102 - Scanner scan_1766642221_911: FOUND: %C0%AE%C0%AE%C0%AF - 200
2025-12-25 11:27:04,266 - dirsearch_web - INFO - log_debug:102 - Scanner scan_1766642221_911: FOUND: %ff - 200
2025-12-25 11:27:04,536 - dirsearch_web - INFO - log_debug:102 - Scanner scan_1766642221_911: Scanned 10/100 paths
2025-12-25 11:27:07,428 - dirsearch_web - INFO - log_debug:102 - Scanner scan_1766642221_911: Scanned 20/100 paths
2025-12-25 11:27:10,403 - dirsearch_web - INFO - log_debug:102 - Scanner scan_1766642221_911: Scanned 30/100 paths
2025-12-25 11:27:13,070 - dirsearch_web - INFO - log_debug:102 - Scanner scan_1766642221_911: Scanned 40/100 paths
2025-12-25 11:27:16,162 - dirsearch_web - INFO - log_debug:102 - Scanner scan_1766642221_911: Scanned 50/100 paths
2025-12-25 11:27:18,996 - dirsearch_web - INFO - log_debug:102 - Scanner scan_1766642221_911: Scanned 60/100 paths
2025-12-25 11:27:21,658 - dirsearch_web - INFO - log_debug:102 - Scanner scan_1766642221_911: Scanned 70/100 paths
2025-12-25 11:27:24,458 - dirsearch_web - INFO - log_debug:102 - Scanner scan_1766642221_911: Scanned 80/100 paths
2025-12-25 11:27:27,202 - dirsearch_web - INFO - log_debug:102 - Scanner scan_1766642221_911: Scanned 90/100 paths
2025-12-25 11:27:30,061 - dirsearch_web - INFO - log_debug:102 - Scanner scan_1766642221_911: Scanned 100/100 paths
2025-12-25 11:27:30,061 - dirsearch_web - INFO - log_debug:102 - Scanner scan_1766642221_911: Scan completed - Found 2 paths in 28.47s
2025-12-25 11:28:07,011 - dirsearch_web - DEBUG - config_page_function:260 - Config page requested
2025-12-25 11:28:13,354 - dirsearch_web - DEBUG - index_function:242 - Dashboard page requested
2025-12-25 11:28:16,172 - dirsearch_web - DEBUG - history_page_function:254 - History page requested
2025-12-25 11:28:18,898 - dirsearch_web - DEBUG - scan_page_function:248 - Scan page requested
2025-12-25 11:28:25,159 - dirsearch_web - INFO - start_scan_function:267 - Start scan API called
2025-12-25 11:28:25,160 - dirsearch_web - INFO - start_scan_function:270 - Start scan API called with config: {'resource_level': 'low', 'url': 'https://www.shodan.io', 'http_method': 'GET', 'wordlist': 'db/400_blacklist.txt', 'extensions': 'php,asp,aspx,jsp,html', 'threads': '5', 'timeout': '10', 'delay': '0', 'max_retries': '1', 'max_time': '0', 'recursive': False, 'async_mode': False}
2025-12-25 11:28:25,160 - dirsearch_web - INFO - start_scan_function:279 - Created direct scanner scan_1766642305_2717
2025-12-25 11:28:25,160 - dirsearch_web - INFO - log_debug:102 - Scanner scan_1766642305_2717: Starting direct scan execution
2025-12-25 11:28:25,160 - dirsearch_web - INFO - start_scan_function:295 - Direct scanner scan_1766642305_2717 thread started
2025-12-25 11:28:25,160 - dirsearch_web - INFO - log_debug:102 - Scanner scan_1766642305_2717: Step 1: Importing required modules
2025-12-25 11:28:25,162 - dirsearch_web - INFO - log_debug:102 - Scanner scan_1766642305_2717: Imported options and blacklists
2025-12-25 11:28:25,162 - dirsearch_web - INFO - log_debug:102 - Scanner scan_1766642305_2717: Imported settings
2025-12-25 11:28:25,162 - dirsearch_web - INFO - log_debug:102 - Scanner scan_1766642305_2717: Basic options configured
2025-12-25 11:28:25,162 - dirsearch_web - INFO - log_debug:102 - Scanner scan_1766642305_2717: Step 2: Setting up dictionary
2025-12-25 11:28:25,163 - dirsearch_web - INFO - log_debug:102 - Scanner scan_1766642305_2717: Dictionary loaded with 9 entries
2025-12-25 11:28:25,163 - dirsearch_web - INFO - log_debug:102 - Scanner scan_1766642305_2717: Step 3: Setting up requester
2025-12-25 11:28:25,164 - dirsearch_web - INFO - log_debug:102 - Scanner scan_1766642305_2717: Requester setup for https://www.shodan.io
2025-12-25 11:28:25,164 - dirsearch_web - INFO - log_debug:102 - Scanner scan_1766642305_2717: Step 5: Starting actual path scanning
2025-12-25 11:28:26,089 - dirsearch_web - INFO - log_debug:102 - Scanner scan_1766642305_2717: FOUND: %ff - 200
2025-12-25 11:28:27,252 - dirsearch_web - INFO - log_debug:102 - Scanner scan_1766642305_2717: FOUND: %C0%AE%C0%AE%C0%AF - 200
2025-12-25 11:28:27,965 - dirsearch_web - INFO - log_debug:102 - Scanner scan_1766642305_2717: Scan completed - Found 2 paths in 2.80s
2025-12-25 11:30:12,713 - dirsearch_web - INFO - <module>:64 - Starting Web-ScannerWeb Interface - Direct Scan Mode
2025-12-25 11:30:12,718 - dirsearch_web - INFO - <module>:466 - Starting Flask development server - Direct Scan Mode
2025-12-25 11:30:12,772 - dirsearch_web - INFO - <module>:470 - Database initialized successfully
2025-12-25 11:30:46,876 - dirsearch_web - DEBUG - scan_page_function:258 - Scan page requested
2025-12-25 11:30:54,161 - dirsearch_web - INFO - start_scan_function:277 - Start scan API called
2025-12-25 11:30:54,162 - dirsearch_web - INFO - start_scan_function:280 - Start scan API called with config: {'resource_level': 'low', 'url': 'https://www.shodan.io', 'http_method': 'GET', 'wordlist': 'db/dicc.txt', 'extensions': 'php,asp,aspx,jsp,html', 'threads': '5', 'timeout': '10', 'delay': '0', 'max_retries': '1', 'max_time': '0', 'recursive': False, 'async_mode': False}
2025-12-25 11:30:54,162 - dirsearch_web - INFO - start_scan_function:289 - Created direct scanner scan_1766642454_1777
2025-12-25 11:30:54,162 - dirsearch_web - INFO - log_debug:102 - Scanner scan_1766642454_1777: Starting direct scan execution
2025-12-25 11:30:54,163 - dirsearch_web - INFO - start_scan_function:305 - Direct scanner scan_1766642454_1777 thread started
2025-12-25 11:30:54,163 - dirsearch_web - INFO - log_debug:102 - Scanner scan_1766642454_1777: Step 1: Importing required modules
2025-12-25 11:30:54,167 - dirsearch_web - INFO - log_debug:102 - Scanner scan_1766642454_1777: Imported options and blacklists
2025-12-25 11:30:54,170 - dirsearch_web - INFO - log_debug:102 - Scanner scan_1766642454_1777: Imported settings
2025-12-25 11:30:54,171 - dirsearch_web - INFO - log_debug:102 - Scanner scan_1766642454_1777: Basic options configured
2025-12-25 11:30:54,171 - dirsearch_web - INFO - log_debug:102 - Scanner scan_1766642454_1777: Step 2: Setting up dictionary
2025-12-25 11:30:54,192 - dirsearch_web - INFO - log_debug:102 - Scanner scan_1766642454_1777: Dictionary loaded with 9120 entries
2025-12-25 11:30:54,192 - dirsearch_web - INFO - log_debug:102 - Scanner scan_1766642454_1777: Step 3: Setting up requester
2025-12-25 11:30:54,514 - dirsearch_web - INFO - log_debug:102 - Scanner scan_1766642454_1777: Requester setup for https://www.shodan.io
2025-12-25 11:30:54,514 - dirsearch_web - INFO - log_debug:102 - Scanner scan_1766642454_1777: Step 5: Starting actual path scanning
2025-12-25 11:30:57,246 - dirsearch_web - INFO - log_debug:102 - Scanner scan_1766642454_1777: FOUND: %C0%AE%C0%AE%C0%AF - 200
2025-12-25 11:30:57,589 - dirsearch_web - INFO - log_debug:102 - Scanner scan_1766642454_1777: FOUND: %ff - 200
2025-12-25 11:30:57,918 - dirsearch_web - INFO - log_debug:102 - Scanner scan_1766642454_1777: Scanned 10/9120 paths
2025-12-25 11:31:01,437 - dirsearch_web - INFO - log_debug:102 - Scanner scan_1766642454_1777: Scanned 20/9120 paths
2025-12-25 11:31:04,247 - dirsearch_web - INFO - log_debug:102 - Scanner scan_1766642454_1777: Scanned 30/9120 paths
2025-12-25 11:31:07,154 - dirsearch_web - INFO - log_debug:102 - Scanner scan_1766642454_1777: Scanned 40/9120 paths
2025-12-25 11:31:09,989 - dirsearch_web - INFO - log_debug:102 - Scanner scan_1766642454_1777: Scanned 50/9120 paths
2025-12-25 11:31:12,722 - dirsearch_web - INFO - log_debug:102 - Scanner scan_1766642454_1777: Scanned 60/9120 paths
2025-12-25 11:31:16,016 - dirsearch_web - INFO - log_debug:102 - Scanner scan_1766642454_1777: Scanned 70/9120 paths
2025-12-25 11:31:18,679 - dirsearch_web - INFO - log_debug:102 - Scanner scan_1766642454_1777: Scanned 80/9120 paths
2025-12-25 11:31:21,351 - dirsearch_web - INFO - log_debug:102 - Scanner scan_1766642454_1777: Scanned 90/9120 paths
2025-12-25 11:31:24,202 - dirsearch_web - INFO - log_debug:102 - Scanner scan_1766642454_1777: Scanned 100/9120 paths
2025-12-25 11:31:26,972 - dirsearch_web - INFO - log_debug:102 - Scanner scan_1766642454_1777: Scanned 110/9120 paths
2025-12-25 11:31:30,406 - dirsearch_web - INFO - log_debug:102 - Scanner scan_1766642454_1777: Scanned 120/9120 paths
2025-12-25 11:31:33,368 - dirsearch_web - INFO - log_debug:102 - Scanner scan_1766642454_1777: Scanned 130/9120 paths
2025-12-25 11:31:36,069 - dirsearch_web - INFO - log_debug:102 - Scanner scan_1766642454_1777: Scanned 140/9120 paths
2025-12-25 11:31:39,138 - dirsearch_web - INFO - log_debug:102 - Scanner scan_1766642454_1777: Scanned 150/9120 paths
2025-12-25 11:31:42,175 - dirsearch_web - INFO - log_debug:102 - Scanner scan_1766642454_1777: Scanned 160/9120 paths
2025-12-25 11:31:45,143 - dirsearch_web - INFO - log_debug:102 - Scanner scan_1766642454_1777: Scanned 170/9120 paths
2025-12-25 11:31:48,145 - dirsearch_web - INFO - log_debug:102 - Scanner scan_1766642454_1777: Scanned 180/9120 paths
2025-12-25 11:31:51,263 - dirsearch_web - INFO - log_debug:102 - Scanner scan_1766642454_1777: Scanned 190/9120 paths
2025-12-25 11:31:54,705 - dirsearch_web - INFO - log_debug:102 - Scanner scan_1766642454_1777: Scanned 200/9120 paths
2025-12-25 11:31:57,532 - dirsearch_web - INFO - log_debug:102 - Scanner scan_1766642454_1777: Scanned 210/9120 paths
2025-12-25 11:32:00,627 - dirsearch_web - INFO - log_debug:102 - Scanner scan_1766642454_1777: Scanned 220/9120 paths
2025-12-25 11:32:03,654 - dirsearch_web - INFO - log_debug:102 - Scanner scan_1766642454_1777: Scanned 230/9120 paths
2025-12-25 11:32:07,451 - dirsearch_web - INFO - log_debug:102 - Scanner scan_1766642454_1777: Scanned 240/9120 paths
2025-12-25 11:32:10,343 - dirsearch_web - INFO - log_debug:102 - Scanner scan_1766642454_1777: Scanned 250/9120 paths
2025-12-25 11:32:13,115 - dirsearch_web - INFO - log_debug:102 - Scanner scan_1766642454_1777: Scanned 260/9120 paths
2025-12-25 11:32:17,042 - dirsearch_web - INFO - log_debug:102 - Scanner scan_1766642454_1777: Scanned 270/9120 paths
2025-12-25 11:32:20,336 - dirsearch_web - INFO - log_debug:102 - Scanner scan_1766642454_1777: Scanned 280/9120 paths
2025-12-25 11:32:24,568 - dirsearch_web - INFO - log_debug:102 - Scanner scan_1766642454_1777: Scanned 290/9120 paths
2025-12-25 11:32:28,380 - dirsearch_web - INFO - log_debug:102 - Scanner scan_1766642454_1777: Scanned 300/9120 paths
2025-12-25 11:32:31,574 - dirsearch_web - INFO - log_debug:102 - Scanner scan_1766642454_1777: Scanned 310/9120 paths
2025-12-25 11:32:34,548 - dirsearch_web - INFO - log_debug:102 - Scanner scan_1766642454_1777: Scanned 320/9120 paths
2025-12-25 11:32:37,943 - dirsearch_web - INFO - log_debug:102 - Scanner scan_1766642454_1777: Scanned 330/9120 paths
2025-12-25 11:32:40,985 - dirsearch_web - INFO - log_debug:102 - Scanner scan_1766642454_1777: Scanned 340/9120 paths
2025-12-25 11:32:45,091 - dirsearch_web - INFO - log_debug:102 - Scanner scan_1766642454_1777: Scanned 350/9120 paths
2025-12-25 11:32:48,752 - dirsearch_web - INFO - log_debug:102 - Scanner scan_1766642454_1777: Scanned 360/9120 paths
2025-12-25 11:32:51,942 - dirsearch_web - INFO - log_debug:102 - Scanner scan_1766642454_1777: Scanned 370/9120 paths
2025-12-25 11:32:55,535 - dirsearch_web - INFO - log_debug:102 - Scanner scan_1766642454_1777: Scanned 380/9120 paths
2025-12-25 11:32:58,555 - dirsearch_web - INFO - log_debug:102 - Scanner scan_1766642454_1777: Scanned 390/9120 paths
2025-12-25 11:32:59,295 - dirsearch_web - INFO - log_debug:102 - Scanner scan_1766642454_1777: Scan stop requested
2025-12-25 11:32:59,393 - dirsearch_web - INFO - log_debug:102 - Scanner scan_1766642454_1777: Scan stopped by user
2025-12-25 11:32:59,394 - dirsearch_web - INFO - log_debug:102 - Scanner scan_1766642454_1777: Scan completed - Found 2 paths in 125.23s
2025-12-25 11:33:01,944 - dirsearch_web - INFO - log_debug:102 - Scanner scan_1766642454_1777: Scan stop requested
2025-12-25 11:33:03,919 - dirsearch_web - INFO - log_debug:102 - Scanner scan_1766642454_1777: Scan stop requested
2025-12-25 11:33:04,694 - dirsearch_web - INFO - log_debug:102 - Scanner scan_1766642454_1777: Scan stop requested
2025-12-25 11:41:59,634 - dirsearch_web - DEBUG - history_page_function:264 - History page requested
2025-12-25 11:43:02,277 - dirsearch_web - INFO - <module>:64 - Starting Web-ScannerWeb Interface - Direct Scan Mode
2025-12-25 11:43:02,282 - dirsearch_web - INFO - <module>:466 - Starting Flask development server - Direct Scan Mode
2025-12-25 11:43:02,332 - dirsearch_web - INFO - <module>:470 - Database initialized successfully
2025-12-25 11:43:18,120 - dirsearch_web - INFO - <module>:64 - Starting Web-ScannerWeb Interface - Direct Scan Mode
2025-12-25 11:43:18,125 - dirsearch_web - INFO - <module>:467 - Starting Flask development server - Direct Scan Mode
2025-12-25 11:43:18,190 - dirsearch_web - INFO - <module>:471 - Database initialized successfully
2025-12-25 11:44:13,964 - dirsearch_web - DEBUG - history_page_function:264 - History page requested
2025-12-25 11:44:58,762 - dirsearch_web - DEBUG - config_page_function:270 - Config page requested
2025-12-25 11:47:09,205 - dirsearch_web - INFO - <module>:64 - Starting Web-ScannerWeb Interface - Direct Scan Mode
2025-12-25 11:47:09,209 - dirsearch_web - INFO - <module>:467 - Starting Flask development server - Direct Scan Mode
2025-12-25 11:47:09,260 - dirsearch_web - INFO - <module>:471 - Database initialized successfully
2025-12-25 11:48:24,548 - dirsearch_web - DEBUG - config_page_function:270 - Config page requested
2025-12-25 11:48:24,558 - dirsearch_web - DEBUG - index_function:252 - Dashboard page requested
